  UserRecord.cpp
e:\sdl\rpggame\rpggame\classes\data\userrecord.cpp : warning C4828: 文件包含在偏移 0x162 处开始的字符，该字符在当前源字符集中无效(代码页 65001)。
e:\sdl\rpggame\rpggame\classes\data\userrecord.cpp : warning C4828: 文件包含在偏移 0x164 处开始的字符，该字符在当前源字符集中无效(代码页 65001)。
e:\sdl\rpggame\rpggame\classes\data\userrecord.cpp : warning C4828: 文件包含在偏移 0x165 处开始的字符，该字符在当前源字符集中无效(代码页 65001)。
e:\sdl\rpggame\rpggame\classes\data\userrecord.cpp : warning C4828: 文件包含在偏移 0x166 处开始的字符，该字符在当前源字符集中无效(代码页 65001)。
e:\sdl\rpggame\rpggame\classes\data\userrecord.cpp : warning C4828: 文件包含在偏移 0x167 处开始的字符，该字符在当前源字符集中无效(代码页 65001)。
e:\sdl\rpggame\rpggame\classes\data\userrecord.cpp : warning C4828: 文件包含在偏移 0x16c 处开始的字符，该字符在当前源字符集中无效(代码页 65001)。
e:\sdl\rpggame\rpggame\classes\data\userrecord.cpp : warning C4828: 文件包含在偏移 0x16d 处开始的字符，该字符在当前源字符集中无效(代码页 65001)。
e:\sdl\rpggame\rpggame\classes\data\userrecord.cpp : warning C4828: 文件包含在偏移 0x1f6 处开始的字符，该字符在当前源字符集中无效(代码页 65001)。
e:\sdl\rpggame\rpggame\classes\data\userrecord.cpp : warning C4828: 文件包含在偏移 0x1fb 处开始的字符，该字符在当前源字符集中无效(代码页 65001)。
e:\sdl\rpggame\rpggame\classes\data\userrecord.cpp : warning C4828: 文件包含在偏移 0x1fe 处开始的字符，该字符在当前源字符集中无效(代码页 65001)。
e:\sdl\rpggame\rpggame\classes\data\userrecord.cpp : warning C4828: 文件包含在偏移 0x200 处开始的字符，该字符在当前源字符集中无效(代码页 65001)。
e:\sdl\rpggame\rpggame\classes\data\userrecord.cpp : warning C4828: 文件包含在偏移 0x201 处开始的字符，该字符在当前源字符集中无效(代码页 65001)。
e:\sdl\rpggame\rpggame\classes\data\userrecord.cpp : warning C4828: 文件包含在偏移 0x4ac 处开始的字符，该字符在当前源字符集中无效(代码页 65001)。
e:\sdl\rpggame\rpggame\classes\data\userrecord.cpp : warning C4828: 文件包含在偏移 0x4ae 处开始的字符，该字符在当前源字符集中无效(代码页 65001)。
e:\sdl\rpggame\rpggame\classes\data\userrecord.cpp : warning C4828: 文件包含在偏移 0x4af 处开始的字符，该字符在当前源字符集中无效(代码页 65001)。
e:\sdl\rpggame\rpggame\classes\data\userrecord.cpp : warning C4828: 文件包含在偏移 0x4b0 处开始的字符，该字符在当前源字符集中无效(代码页 65001)。
e:\sdl\rpggame\rpggame\classes\data\userrecord.cpp : warning C4828: 文件包含在偏移 0x4b1 处开始的字符，该字符在当前源字符集中无效(代码页 65001)。
e:\sdl\rpggame\rpggame\classes\data\userrecord.cpp : warning C4828: 文件包含在偏移 0x4b2 处开始的字符，该字符在当前源字符集中无效(代码页 65001)。
e:\sdl\rpggame\rpggame\classes\data\userrecord.cpp : warning C4828: 文件包含在偏移 0x4b3 处开始的字符，该字符在当前源字符集中无效(代码页 65001)。
e:\sdl\rpggame\rpggame\classes\data\userrecord.h : warning C4828: 文件包含在偏移 0x107 处开始的字符，该字符在当前源字符集中无效(代码页 65001)。
e:\sdl\rpggame\rpggame\classes\data\userrecord.h : warning C4828: 文件包含在偏移 0x108 处开始的字符，该字符在当前源字符集中无效(代码页 65001)。
e:\sdl\rpggame\rpggame\classes\data\userrecord.h : warning C4828: 文件包含在偏移 0x10c 处开始的字符，该字符在当前源字符集中无效(代码页 65001)。
e:\sdl\rpggame\rpggame\classes\data\userrecord.h : warning C4828: 文件包含在偏移 0x10d 处开始的字符，该字符在当前源字符集中无效(代码页 65001)。
e:\sdl\rpggame\rpggame\classes\data\userrecord.h : warning C4828: 文件包含在偏移 0x10f 处开始的字符，该字符在当前源字符集中无效(代码页 65001)。
e:\sdl\rpggame\rpggame\classes\data\userrecord.h : warning C4828: 文件包含在偏移 0x110 处开始的字符，该字符在当前源字符集中无效(代码页 65001)。
e:\sdl\rpggame\rpggame\classes\data\userrecord.h : warning C4828: 文件包含在偏移 0x113 处开始的字符，该字符在当前源字符集中无效(代码页 65001)。
e:\sdl\rpggame\rpggame\classes\data\userrecord.h : warning C4828: 文件包含在偏移 0x115 处开始的字符，该字符在当前源字符集中无效(代码页 65001)。
e:\sdl\rpggame\rpggame\classes\data\userrecord.h : warning C4828: 文件包含在偏移 0x116 处开始的字符，该字符在当前源字符集中无效(代码页 65001)。
e:\sdl\rpggame\rpggame\classes\data\userrecord.h : warning C4828: 文件包含在偏移 0x148 处开始的字符，该字符在当前源字符集中无效(代码页 65001)。
e:\sdl\rpggame\rpggame\classes\data\userrecord.h : warning C4828: 文件包含在偏移 0x149 处开始的字符，该字符在当前源字符集中无效(代码页 65001)。
e:\sdl\rpggame\rpggame\classes\data\userrecord.h : warning C4828: 文件包含在偏移 0x14a 处开始的字符，该字符在当前源字符集中无效(代码页 65001)。
e:\sdl\rpggame\rpggame\classes\data\userrecord.h : warning C4828: 文件包含在偏移 0x14b 处开始的字符，该字符在当前源字符集中无效(代码页 65001)。
e:\sdl\rpggame\rpggame\classes\data\userrecord.h : warning C4828: 文件包含在偏移 0x14e 处开始的字符，该字符在当前源字符集中无效(代码页 65001)。
e:\sdl\rpggame\rpggame\classes\data\userrecord.h : warning C4828: 文件包含在偏移 0x151 处开始的字符，该字符在当前源字符集中无效(代码页 65001)。
e:\sdl\rpggame\rpggame\classes\data\userrecord.h : warning C4828: 文件包含在偏移 0x152 处开始的字符，该字符在当前源字符集中无效(代码页 65001)。
e:\sdl\rpggame\rpggame\classes\data\userrecord.h : warning C4828: 文件包含在偏移 0x154 处开始的字符，该字符在当前源字符集中无效(代码页 65001)。
e:\sdl\rpggame\rpggame\classes\data\userrecord.h : warning C4828: 文件包含在偏移 0x155 处开始的字符，该字符在当前源字符集中无效(代码页 65001)。
e:\sdl\rpggame\rpggame\classes\data\userrecord.h : warning C4828: 文件包含在偏移 0x156 处开始的字符，该字符在当前源字符集中无效(代码页 65001)。
e:\sdl\rpggame\rpggame\classes\data\userrecord.h : warning C4828: 文件包含在偏移 0x1f9 处开始的字符，该字符在当前源字符集中无效(代码页 65001)。
e:\sdl\rpggame\rpggame\classes\data\userrecord.h : warning C4828: 文件包含在偏移 0x1fa 处开始的字符，该字符在当前源字符集中无效(代码页 65001)。
e:\sdl\rpggame\rpggame\classes\data\userrecord.h : warning C4828: 文件包含在偏移 0x1fe 处开始的字符，该字符在当前源字符集中无效(代码页 65001)。
e:\sdl\rpggame\rpggame\classes\data\userrecord.h : warning C4828: 文件包含在偏移 0x1ff 处开始的字符，该字符在当前源字符集中无效(代码页 65001)。
e:\sdl\rpggame\rpggame\classes\data\userrecord.h : warning C4828: 文件包含在偏移 0x200 处开始的字符，该字符在当前源字符集中无效(代码页 65001)。
e:\sdl\rpggame\rpggame\classes\data\userrecord.h : warning C4828: 文件包含在偏移 0x21a 处开始的字符，该字符在当前源字符集中无效(代码页 65001)。
e:\sdl\rpggame\rpggame\classes\data\userrecord.h : warning C4828: 文件包含在偏移 0x21b 处开始的字符，该字符在当前源字符集中无效(代码页 65001)。
e:\sdl\rpggame\rpggame\classes\data\userrecord.h : warning C4828: 文件包含在偏移 0x21f 处开始的字符，该字符在当前源字符集中无效(代码页 65001)。
e:\sdl\rpggame\rpggame\classes\data\userrecord.h : warning C4828: 文件包含在偏移 0x221 处开始的字符，该字符在当前源字符集中无效(代码页 65001)。
e:\sdl\rpggame\rpggame\classes\data\userrecord.h : warning C4828: 文件包含在偏移 0x23c 处开始的字符，该字符在当前源字符集中无效(代码页 65001)。
e:\sdl\rpggame\rpggame\classes\data\userrecord.h : warning C4828: 文件包含在偏移 0x23d 处开始的字符，该字符在当前源字符集中无效(代码页 65001)。
e:\sdl\rpggame\rpggame\classes\data\userrecord.h : warning C4828: 文件包含在偏移 0x23f 处开始的字符，该字符在当前源字符集中无效(代码页 65001)。
e:\sdl\rpggame\rpggame\classes\data\userrecord.h : warning C4828: 文件包含在偏移 0x25d 处开始的字符，该字符在当前源字符集中无效(代码页 65001)。
e:\sdl\rpggame\rpggame\classes\data\userrecord.h : warning C4828: 文件包含在偏移 0x25f 处开始的字符，该字符在当前源字符集中无效(代码页 65001)。
e:\sdl\rpggame\rpggame\classes\data\userrecord.h : warning C4828: 文件包含在偏移 0x260 处开始的字符，该字符在当前源字符集中无效(代码页 65001)。
e:\sdl\rpggame\rpggame\classes\data\userrecord.h : warning C4828: 文件包含在偏移 0x262 处开始的字符，该字符在当前源字符集中无效(代码页 65001)。
e:\sdl\rpggame\rpggame\classes\data\userrecord.h : warning C4828: 文件包含在偏移 0x263 处开始的字符，该字符在当前源字符集中无效(代码页 65001)。
e:\sdl\rpggame\rpggame\classes\data\userrecord.cpp(39): warning C4244: “=”: 从“double”转换到“float”，可能丢失数据
  RPGGame.vcxproj -> E:\SDL\RPGGame\Debug\RPGGame.exe
